<?xml version="1.0" encoding="UTF-8"?>
<testsuite name="br.ce.wcaquino.servicos.CalculadoraTest" time="0.114" tests="10" errors="0" skipped="0" failures="0">
  <properties>
[...]
</properties>
  <testcase name="deveSubtrairDoisValores" classname="br.ce.wcaquino.servicos.CalculadoraTest" time="0.032"/>
  <testcase name="deveSubtrairDoisValores" classname="br.ce.wcaquino.servicos.CalculadoraTest" time="0.027"/>
  <testcase name="deveDividirDoisValores" classname="br.ce.wcaquino.servicos.CalculadoraTest" time="0.016"/>
  <testcase name="deveDividirDoisValores" classname="br.ce.wcaquino.servicos.CalculadoraTest" time="0.015"/>
  <testcase name="deveLancarExcecaoAoDividirPorZero" classname="br.ce.wcaquino.servicos.CalculadoraTest" time="0.019"/>
  <testcase name="deveLancarExcecaoAoDividirPorZero" classname="br.ce.wcaquino.servicos.CalculadoraTest" time="0.011"/>
  <testcase name="deveDividir" classname="br.ce.wcaquino.servicos.CalculadoraTest" time="0.025"/>
  <testcase name="deveDividir" classname="br.ce.wcaquino.servicos.CalculadoraTest" time="0.02"/>
  <testcase name="deveSomarDoisValores" classname="br.ce.wcaquino.servicos.CalculadoraTest" time="0.022"/>
  <testcase name="deveSomarDoisValores" classname="br.ce.wcaquino.servicos.CalculadoraTest" time="0.034"/>
</testsuite>